           1   -0.398998   -0.398998           0
           2    -0.41247   -0.405734  0.00673602
           3   -0.388934   -0.400134  0.00681785
           4   -0.378255   -0.394664  0.00729106
           5   -0.342818   -0.384295   0.0118075
           6   -0.371693   -0.382195  0.00986695
           7   -0.393168   -0.383762  0.00848516
           8   -0.408021   -0.386795  0.00794941
           9   -0.370465    -0.38498  0.00724171
          10   -0.346281    -0.38111  0.00754519
          11   -0.313592   -0.374972  0.00917902
          12   -0.328812   -0.371126  0.00922004
          13   -0.323361   -0.367451  0.00924287
          14   -0.377406   -0.368162  0.00858672
          15   -0.361798   -0.367738  0.00800505
          16   -0.335492   -0.365723  0.00775452
          17   -0.391391   -0.367233  0.00743894
          18    -0.38831   -0.368404  0.00711058
          19   -0.392772   -0.369686  0.00684713
          20   -0.364595   -0.369432  0.00650075
          21   -0.376847   -0.369785  0.00619352
          22   -0.390769   -0.370738  0.00598182
          23   -0.396254   -0.371848  0.00582249
          24   -0.406766   -0.373303  0.00576135
          25   -0.388508   -0.373911  0.00555946
          26   -0.389891   -0.374526   0.0053766
          27   -0.414821   -0.376018   0.0053846
          28   -0.439303   -0.378278  0.00565961
          29   -0.413351   -0.379488  0.00559328
          30   -0.429164   -0.381143  0.00565164
          31   -0.431558    -0.38277  0.00570308
          32   -0.437198   -0.384471    0.005778
          33   -0.421923   -0.385606  0.00571402
          34   -0.428372   -0.386863  0.00568433
          35   -0.401702   -0.387287  0.00553579
          36   -0.389838   -0.387358  0.00538029
          37   -0.459035   -0.389295  0.00557992
          38   -0.422113   -0.390159  0.00549934
          39   -0.405366   -0.390549  0.00537064
          40    -0.37789   -0.390233  0.00524421
          41   -0.327827    -0.38871  0.00533638
          42   -0.329775   -0.387307  0.00539351
          43   -0.309314   -0.385493  0.00557017
          44   -0.331013   -0.384255  0.00558118
          45   -0.336728   -0.383199  0.00555703
          46   -0.356795   -0.382625  0.00546511
          47   -0.359813    -0.38214  0.00536955
          48   -0.342663   -0.381317  0.00532045
          49   -0.410223   -0.381907  0.00524402
          50   -0.439638   -0.383062   0.0052662
          51   -0.418317   -0.383753  0.00520799
          52   -0.371905   -0.383525  0.00511194
          53   -0.369258   -0.383256  0.00502178
          54   -0.435045   -0.384215  0.00502037
          55    -0.41173   -0.384715  0.00495357
          56    -0.41772   -0.385305  0.00489988
          57   -0.334155   -0.384407  0.00489609
          58    -0.38296   -0.384382    0.004811
          59   -0.334603   -0.383539  0.00480343
          60   -0.316277   -0.382418  0.00485392
          61   -0.315431    -0.38132  0.00489837
          62   -0.308605   -0.380147  0.00495938
          63   -0.321805   -0.379221  0.00496712
          64   -0.337242   -0.378565   0.0049327
          65   -0.322136   -0.377697   0.0049332
          66   -0.302159   -0.376552  0.00499088
          67   -0.312469   -0.375596  0.00500801
          68   -0.400403    -0.37596  0.00494729
          69   -0.426451   -0.376692  0.00492967
          70   -0.359379   -0.376445  0.00486503
          71   -0.387559   -0.376601  0.00479857
          72    -0.38947    -0.37678  0.00473483
          73   -0.429525   -0.377503  0.00472509
          74   -0.362807   -0.377304  0.00466503
          75   -0.398221   -0.377583  0.00461085
          76   -0.473078    -0.37884  0.00472009
          77   -0.440796   -0.379644  0.00472737
          78   -0.438534   -0.380399  0.00472705
          79    -0.46858   -0.381515  0.00479846
          80    -0.40783   -0.381844  0.00474951
          81   -0.423552   -0.382359  0.00471868
          82   -0.418688   -0.382802  0.00468179
          83   -0.376795    -0.38273  0.00462561
          84   -0.380839   -0.382707  0.00457027
          85   -0.383925   -0.382722   0.0045162
          86   -0.342234   -0.382251  0.00448814
          87   -0.356934    -0.38196  0.00444578
          88   -0.424095   -0.382439  0.00442098
          89   -0.459603   -0.383306  0.00445618
          90   -0.448543   -0.384031  0.00446561
          91   -0.471222   -0.384989  0.00451901
          92   -0.433951   -0.385521  0.00450119
          93    -0.41832   -0.385874  0.00446648
          94   -0.448755   -0.386543  0.00446905
          95   -0.438036   -0.387085  0.00445486
          96   -0.411528   -0.387339  0.00441556
          97   -0.403954    -0.38751  0.00437315
          98   -0.355435   -0.387183  0.00434066
          99   -0.361142    -0.38692  0.00430463
         100   -0.349756   -0.386549  0.00427754
