           1     1.80783     1.80783           0
           2      1.8213     1.81457  0.00673302
           3     1.79775     1.80896  0.00682019
           4     1.78702     1.80348  0.00730343
           5     1.75151     1.79308   0.0118339
           6     1.78038     1.79097  0.00989141
           7     1.80186     1.79252  0.00850326
           8     1.81666     1.79554   0.0079583
           9     1.77909     1.79371  0.00725269
          10     1.75496     1.78984  0.00755649
          11     1.72234      1.7837   0.0091853
          12     1.73763     1.77986    0.009222
          13     1.73224      1.7762  0.00924002
          14     1.78626     1.77692  0.00858472
          15     1.77065      1.7765  0.00800285
          16     1.74431     1.77449  0.00775163
          17     1.80012     1.77599  0.00743581
          18     1.79701     1.77716   0.0071071
          19      1.8014     1.77844  0.00684258
          20     1.77323     1.77818  0.00649665
          21     1.78555     1.77853   0.0061895
          22     1.79946     1.77948  0.00597768
          23     1.80497     1.78059  0.00581836
          24     1.81552     1.78204  0.00575766
          25     1.79727     1.78265  0.00555603
          26     1.79862     1.78327  0.00537327
          27     1.82354     1.78476  0.00538127
          28     1.84802     1.78702  0.00565631
          29     1.82207     1.78823  0.00558998
          30     1.83784     1.78988  0.00564801
          31     1.84027     1.79151  0.00569947
          32     1.84588      1.7932  0.00577417
          33      1.8306     1.79434  0.00571005
          34     1.83704     1.79559  0.00568018
          35      1.8104     1.79602   0.0055317
          36     1.79864     1.79609  0.00537634
          37     1.86783     1.79803  0.00557694
          38     1.83091     1.79889  0.00549675
          39     1.81413     1.79928  0.00536818
          40     1.78665     1.79897  0.00524179
          41     1.73657     1.79745  0.00533406
          42      1.7385     1.79604  0.00539139
          43     1.71805     1.79423  0.00556825
          44     1.73978     1.79299   0.0055792
          45      1.7455     1.79194    0.005555
          46     1.76556     1.79136  0.00546307
          47     1.76854     1.79088  0.00536758
          48     1.75132     1.79005  0.00531879
          49      1.8189     1.79064  0.00524227
          50     1.84827     1.79179  0.00526406
          51      1.8269     1.79248  0.00520552
          52     1.78042     1.79225   0.0051097
          53     1.77782     1.79198  0.00501975
          54     1.84368     1.79294  0.00501809
          55     1.82044     1.79344  0.00495133
          56     1.82641     1.79403  0.00489764
          57     1.74283     1.79313  0.00489405
          58     1.79163      1.7931    0.004809
          59     1.74329     1.79226   0.0048016
          60     1.72501     1.79114  0.00485209
          61      1.7242     1.79004  0.00489645
          62     1.71739     1.78887  0.00495729
          63     1.73062     1.78794  0.00496481
          64     1.74599     1.78729  0.00493039
          65     1.73089     1.78642  0.00493087
          66     1.71087     1.78527  0.00498869
          67     1.72112     1.78432  0.00500609
          68     1.80908     1.78468  0.00494535
          69     1.83514     1.78541  0.00492772
          70     1.76804     1.78516  0.00486315
          71     1.79619     1.78532  0.00479668
          72     1.79807      1.7855  0.00473291
          73     1.83812     1.78622  0.00472296
          74     1.77137     1.78602  0.00466302
          75     1.80671     1.78629  0.00460869
          76     1.88152     1.78755  0.00471712
          77     1.84917     1.78835  0.00472375
          78      1.8469      1.7891  0.00472282
          79     1.87697     1.79021  0.00479351
          80     1.81631     1.79054  0.00474444
          81     1.83207     1.79105  0.00471348
          82      1.8272     1.79149  0.00467646
          83     1.78536     1.79142  0.00462037
          84      1.7895     1.79139  0.00456509
          85     1.79268     1.79141  0.00451109
          86     1.75103     1.79094  0.00448298
          87     1.76572     1.79065  0.00444062
          88     1.83289     1.79113  0.00441603
          89     1.86828       1.792  0.00445135
          90     1.85714     1.79272  0.00446073
          91     1.87972     1.79368  0.00451385
          92      1.8425     1.79421  0.00449594
          93     1.82691     1.79456  0.00446122
          94      1.8574     1.79523  0.00446385
          95     1.84672     1.79577  0.00444975
          96      1.8202     1.79602  0.00441051
          97     1.81262     1.79619  0.00436815
          98     1.76413     1.79587  0.00433571
          99     1.76977      1.7956  0.00429978
         100      1.7584     1.79523   0.0042728
