           1     1.20522     1.20522           0
           2      1.2142     1.20971  0.00448868
           3      1.1985     1.20597  0.00454679
           4     1.19135     1.20232  0.00486895
           5     1.16767     1.19539  0.00788925
           6     1.18692     1.19398  0.00659427
           7     1.20124     1.19501  0.00566884
           8     1.21111     1.19703  0.00530553
           9     1.18606     1.19581  0.00483513
          10     1.16997     1.19322  0.00503766
          11     1.14823     1.18913  0.00612353
          12     1.15842     1.18657    0.006148
          13     1.15483     1.18413  0.00616001
          14     1.19084     1.18461  0.00572314
          15     1.18043     1.18433  0.00533523
          16     1.16287     1.18299  0.00516775
          17     1.20008       1.184  0.00495721
          18     1.19801     1.18477  0.00473807
          19     1.20093     1.18563  0.00456172
          20     1.18215     1.18545   0.0043311
          21     1.19036     1.18569  0.00412634
          22     1.19964     1.18632  0.00398512
          23     1.20331     1.18706  0.00387891
          24     1.21035     1.18803  0.00383844
          25     1.19818     1.18844  0.00370402
          26     1.19908     1.18884  0.00358218
          27     1.21569     1.18984  0.00358752
          28     1.23201     1.19134  0.00377087
          29     1.21471     1.19215  0.00372665
          30     1.22523     1.19325  0.00376534
          31     1.22685     1.19434  0.00379965
          32     1.23059     1.19547  0.00384944
          33      1.2204     1.19623   0.0038067
          34      1.2247     1.19706  0.00378679
          35     1.20693     1.19734   0.0036878
          36     1.19909     1.19739  0.00358423
          37     1.24522     1.19869  0.00371796
          38     1.22061     1.19926   0.0036645
          39     1.20942     1.19952  0.00357879
          40      1.1911     1.19931  0.00349453
          41     1.15771      1.1983  0.00355604
          42       1.159     1.19736  0.00359426
          43     1.14536     1.19615  0.00371217
          44     1.15985     1.19533  0.00371947
          45     1.16366     1.19462  0.00370333
          46     1.17704     1.19424  0.00364205
          47     1.17903     1.19392  0.00357839
          48     1.16755     1.19337  0.00354586
          49      1.2126     1.19376  0.00349484
          50     1.23218     1.19453  0.00350937
          51     1.21793     1.19499  0.00347035
          52     1.18695     1.19483  0.00340647
          53     1.18522     1.19465   0.0033465
          54     1.22912     1.19529  0.00334539
          55     1.21363     1.19562  0.00330089
          56     1.21761     1.19602  0.00326509
          57     1.16189     1.19542   0.0032627
          58     1.19442      1.1954    0.003206
          59     1.16219     1.19484  0.00320106
          60     1.15001     1.19409  0.00323473
          61     1.14946     1.19336   0.0032643
          62     1.14493     1.19258  0.00330486
          63     1.15375     1.19196  0.00330987
          64     1.16399     1.19152  0.00328693
          65     1.15393     1.19095  0.00328724
          66     1.14058     1.19018  0.00332579
          67     1.14741     1.18954   0.0033374
          68     1.20605     1.18979   0.0032969
          69     1.22343     1.19028  0.00328515
          70      1.1787     1.19011   0.0032421
          71     1.19746     1.19021  0.00319779
          72     1.19872     1.19033  0.00315527
          73     1.22541     1.19081  0.00314864
          74     1.18091     1.19068  0.00310868
          75     1.20447     1.19086  0.00307246
          76     1.25435      1.1917  0.00314475
          77     1.23278     1.19223  0.00314916
          78     1.23126     1.19273  0.00314855
          79     1.25131     1.19347  0.00319567
          80     1.21088     1.19369  0.00316296
          81     1.22138     1.19403  0.00314232
          82     1.21813     1.19433  0.00311764
          83     1.19024     1.19428  0.00308024
          84       1.193     1.19426  0.00304339
          85     1.19512     1.19427  0.00300739
          86     1.16735     1.19396  0.00298865
          87     1.17715     1.19377  0.00296041
          88     1.22192     1.19409  0.00294402
          89     1.24552     1.19466  0.00296757
          90     1.23809     1.19515  0.00297382
          91     1.25315     1.19578  0.00300923
          92     1.22833     1.19614   0.0029973
          93     1.21794     1.19637  0.00297415
          94     1.23827     1.19682   0.0029759
          95     1.23115     1.19718   0.0029665
          96     1.21347     1.19735  0.00294034
          97     1.20842     1.19746   0.0029121
          98     1.17609     1.19724  0.00289047
          99     1.17984     1.19707  0.00286652
         100     1.17226     1.19682  0.00284853
