           1     -4.9916     -4.9916           0
           2    -4.99268    -4.99214 0.000539942
           3    -4.98033    -4.98821  0.00394983
           4      -4.993     -4.9894  0.00303913
           5    -4.98156    -4.98783  0.00282953
           6    -5.06676    -5.00099   0.0133553
           7    -4.94293    -4.99269   0.0140071
           8     -5.0128    -4.99521   0.0123882
           9    -4.99477    -4.99516   0.0109255
          10    -4.99852    -4.99549  0.00977781
          11    -5.03087    -4.99871    0.009411
          12    -5.00476    -4.99922  0.00860579
          13    -4.98195    -4.99789  0.00802681
          14    -5.02792    -5.00003  0.00773484
          15    -4.97953    -4.99867  0.00732934
          16    -5.01534    -4.99971  0.00693476
          17    -5.02251    -5.00105  0.00665074
          18    -5.00942    -5.00151  0.00628761
          19    -5.00752    -5.00183  0.00595588
          20    -5.00664    -5.00207  0.00565536
          21    -5.00428    -5.00218  0.00538035
          22    -4.99518    -5.00186   0.0051398
          23    -5.01737    -5.00253  0.00495736
          24    -5.06042    -5.00494  0.00532408
          25     -4.9695    -5.00353  0.00529984
          26    -5.00802     -5.0037  0.00509485
          27    -5.07277    -5.00626  0.00552989
          28    -5.00422    -5.00619  0.00532923
          29    -5.00001    -5.00597  0.00514659
          30    -4.97563    -5.00496  0.00507389
          31    -4.98488    -5.00431  0.00495004
          32     -5.0483    -5.00569  0.00498611
          33    -4.97944    -5.00489  0.00489769
          34    -4.99349    -5.00456  0.00476328
          35    -4.98669    -5.00405  0.00465329
          36    -4.94546    -5.00242  0.00480613
          37    -4.98871    -5.00205  0.00468909
          38    -4.95745    -5.00087  0.00471252
          39    -4.97769    -5.00028  0.00462844
          40    -4.99451    -5.00014  0.00451355
          41    -5.07492    -5.00196  0.00476503
          42    -4.95338     -5.0008  0.00479186
          43     -5.0048     -5.0009  0.00468002
          44    -5.03393    -5.00165  0.00463363
          45    -4.97852    -5.00113  0.00455856
          46    -5.00296    -5.00117  0.00445853
          47    -5.02393    -5.00166  0.00438942
          48    -5.05717    -5.00281  0.00444994
          49    -5.00559    -5.00287  0.00435855
          50    -5.01156    -5.00304  0.00427402
          51    -4.96824    -5.00236  0.00424459
          52    -5.03522    -5.00299  0.00420985
          53    -5.03055    -5.00351  0.00416226
          54    -4.98906    -5.00325  0.00409321
          55    -5.11032    -5.00519   0.0044649
          56    -5.00968    -5.00527  0.00438517
          57    -4.98905    -5.00499  0.00431695
          58    -5.03401    -5.00549  0.00427127
          59    -5.03379    -5.00597  0.00422557
          60    -5.06147    -5.00689  0.00425627
          61    -5.03341    -5.00733  0.00420843
          62    -4.95685    -5.00651  0.00421928
          63    -5.02442     -5.0068  0.00416149
          64    -5.03496    -5.00724  0.00411952
          65    -5.02942    -5.00758  0.00406997
          66    -4.98314    -5.00721   0.0040249
          67    -5.05178    -5.00787  0.00401979
          68     -5.0162      -5.008  0.00396213
          69    -5.00006    -5.00788  0.00390598
          70    -4.99179    -5.00765  0.00385663
          71    -5.04686     -5.0082  0.00384182
          72     -4.9759    -5.00776  0.00381456
          73    -4.95521    -5.00704  0.00383018
          74    -5.04961    -5.00761  0.00382162
          75    -5.03717    -5.00801  0.00379086
          76    -5.02615    -5.00824  0.00374826
          77    -4.93183    -5.00725  0.00383008
          78    -5.01306    -5.00733  0.00378139
          79    -5.01074    -5.00737  0.00373347
          80    -5.01761     -5.0075  0.00368872
          81    -4.97573     -5.0071  0.00366394
          82    -5.02658    -5.00734  0.00362677
          83    -4.96591    -5.00684  0.00361741
          84    -5.02983    -5.00712  0.00358455
          85    -5.03287    -5.00742  0.00355506
          86    -4.98431    -5.00715  0.00352374
          87    -5.04993    -5.00764  0.00351754
          88    -5.03507    -5.00795  0.00349128
          89    -5.00471    -5.00792  0.00345202
          90    -5.01382    -5.00798  0.00341408
          91    -5.00265    -5.00793  0.00337686
          92    -5.01194    -5.00797  0.00334024
          93    -4.99809    -5.00786  0.00330584
          94     -4.9963    -5.00774  0.00327279
          95    -4.99359    -5.00759  0.00324158
          96    -5.01243    -5.00764  0.00320803
          97    -4.97167    -5.00727  0.00319637
          98    -4.97417    -5.00693  0.00318157
          99    -5.02228    -5.00709  0.00315308
         100    -4.95874     -5.0066  0.00315862
