           1     1.64072     1.64072           0
           2     1.64105     1.64088 0.000163596
           3      1.6294     1.63705  0.00382919
           4     1.64294     1.63853  0.00308167
           5     1.63229     1.63728  0.00269305
           6     1.71376     1.65003   0.0129352
           7     1.59133     1.64164   0.0137777
           8     1.66199     1.64418   0.0121999
           9     1.64694     1.64449   0.0107637
          10     1.64727     1.64477  0.00963135
          11      1.6821     1.64816  0.00934977
          12     1.65172     1.64846  0.00854029
          13      1.6309     1.64711  0.00797116
          14     1.67581     1.64916  0.00765925
          15     1.62772     1.64773   0.0072722
          16     1.66204     1.64862  0.00686108
          17     1.67129     1.64996  0.00658132
          18     1.65765     1.65038  0.00621964
          19     1.65637      1.6507  0.00589161
          20      1.6592     1.65112  0.00560542
          21     1.65353     1.65124  0.00533305
          22     1.64273     1.65085  0.00509955
          23     1.66431     1.65144  0.00490779
          24     1.70921     1.65384  0.00527959
          25     1.61897     1.65245   0.0052526
          26     1.65547     1.65257  0.00504788
          27     1.71982     1.65506  0.00545877
          28     1.64967     1.65486  0.00526372
          29     1.64851     1.65465  0.00508369
          30      1.6259     1.65369  0.00500392
          31     1.63408     1.65305  0.00488095
          32     1.69542     1.65438  0.00490789
          33      1.6314     1.65368  0.00480754
          34     1.64223     1.65335  0.00467614
          35     1.63687     1.65287   0.0045649
          36     1.59391     1.65124  0.00472903
          37     1.64007     1.65094  0.00460933
          38     1.60551     1.64974  0.00464289
          39     1.62634     1.64914  0.00456189
          40     1.64374       1.649  0.00444843
          41     1.72296     1.65081  0.00469859
          42     1.60533     1.64973  0.00471149
          43     1.65466     1.64984  0.00460205
          44     1.68249     1.65058  0.00455705
          45     1.62763     1.65007  0.00448373
          46     1.65319     1.65014   0.0043857
          47      1.6728     1.65062  0.00431838
          48     1.70716      1.6518  0.00438848
          49     1.65267     1.65182  0.00429802
          50     1.65952     1.65197    0.004214
          51     1.61837     1.65131  0.00418276
          52     1.68433     1.65195  0.00415038
          53     1.67992     1.65248  0.00410539
          54     1.63758      1.6522  0.00403808
          55     1.75577     1.65408  0.00438852
          56     1.65543     1.65411  0.00430951
          57     1.63641      1.6538   0.0042446
          58     1.68198     1.65428  0.00419899
          59     1.68337     1.65478  0.00415655
          60     1.71081     1.65571  0.00419202
          61     1.68307     1.65616  0.00414705
          62     1.60854     1.65539  0.00415129
          63     1.67349     1.65568  0.00409495
          64     1.68435     1.65613  0.00405528
          65     1.67733     1.65645  0.00400572
          66      1.6372     1.65616  0.00395532
          67     1.70074     1.65683  0.00395226
          68     1.66371     1.65693  0.00389501
          69      1.6486     1.65681  0.00384005
          70     1.64239      1.6566  0.00379039
          71     1.69498     1.65714  0.00377552
          72     1.62578     1.65671  0.00374811
          73     1.60494       1.656  0.00376381
          74     1.69926     1.65658  0.00375835
          75     1.68537     1.65696  0.00372771
          76     1.67287     1.65717  0.00368429
          77     1.58129     1.65619  0.00376732
          78     1.66259     1.65627  0.00371961
          79     1.66066     1.65633  0.00367265
          80     1.66741     1.65646  0.00362909
          81     1.62564     1.65608  0.00360415
          82      1.6767     1.65634   0.0035688
          83     1.61482     1.65584  0.00356084
          84     1.67971     1.65612  0.00352966
          85     1.68262     1.65643  0.00350179
          86     1.63183     1.65615  0.00347264
          87     1.70008     1.65665  0.00346943
          88     1.68371     1.65696  0.00344354
          89     1.65515     1.65694  0.00340468
          90     1.66339     1.65701  0.00336741
          91     1.65165     1.65695  0.00333072
          92     1.66241     1.65701  0.00329485
          93     1.64819     1.65691  0.00326061
          94     1.64933     1.65683  0.00322674
          95     1.64175     1.65668  0.00319654
          96     1.66175     1.65673  0.00316351
          97     1.61939     1.65634   0.0031543
          98     1.62518     1.65603   0.0031381
          99     1.67094     1.65618   0.0031099
         100     1.60944     1.65571  0.00311391
