           1     1.09381     1.09381           0
           2     1.09403     1.09392 0.000109064
           3     1.08627     1.09137   0.0025528
           4     1.09529     1.09235  0.00205445
           5     1.08819     1.09152  0.00179537
           6     1.14251     1.10002  0.00862344
           7     1.06089     1.09443  0.00918515
           8     1.10799     1.09612   0.0081333
           9     1.09796     1.09633  0.00717579
          10     1.09818     1.09651   0.0064209
          11      1.1214     1.09877  0.00623318
          12     1.10115     1.09897  0.00569353
          13     1.08727     1.09807   0.0053141
          14      1.1172     1.09944  0.00510617
          15     1.08515     1.09849  0.00484813
          16     1.10803     1.09908  0.00457405
          17     1.11419     1.09997  0.00438755
          18      1.1051     1.10026  0.00414643
          19     1.10424     1.10047  0.00392774
          20     1.10614     1.10075  0.00373695
          21     1.10235     1.10083  0.00355537
          22     1.09515     1.10057   0.0033997
          23     1.10954     1.10096  0.00327186
          24     1.13947     1.10256  0.00351973
          25     1.07932     1.10163  0.00350173
          26     1.10365     1.10171  0.00336525
          27     1.14655     1.10337  0.00363918
          28     1.09978     1.10324  0.00350914
          29     1.09901      1.1031  0.00338913
          30     1.08393     1.10246  0.00333595
          31     1.08939     1.10204  0.00325397
          32     1.13028     1.10292  0.00327193
          33      1.0876     1.10245  0.00320503
          34     1.09482     1.10223  0.00311743
          35     1.09125     1.10192  0.00304327
          36      1.0626     1.10082  0.00315268
          37     1.09338     1.10062  0.00307289
          38     1.07034     1.09983  0.00309526
          39     1.08423     1.09943  0.00304126
          40     1.09583     1.09934  0.00296562
          41     1.14864     1.10054  0.00313239
          42     1.07022     1.09982  0.00314099
          43     1.10311     1.09989  0.00306803
          44     1.12166     1.10039  0.00303803
          45     1.08509     1.10005  0.00298916
          46     1.10213     1.10009   0.0029238
          47      1.1152     1.10041  0.00287892
          48     1.13811      1.1012  0.00292565
          49     1.10178     1.10121  0.00286535
          50     1.10635     1.10131  0.00280933
          51     1.07891     1.10088   0.0027885
          52     1.12288      1.1013  0.00276692
          53     1.11995     1.10165  0.00273693
          54     1.09172     1.10147  0.00269205
          55     1.17051     1.10272  0.00292568
          56     1.10362     1.10274  0.00287301
          57     1.09094     1.10253  0.00282973
          58     1.12132     1.10286  0.00279933
          59     1.12225     1.10318  0.00277103
          60     1.14054     1.10381  0.00279468
          61     1.12205     1.10411   0.0027647
          62     1.07236     1.10359  0.00276752
          63     1.11566     1.10378  0.00272997
          64      1.1229     1.10408  0.00270352
          65     1.11822      1.1043  0.00267048
          66     1.09147     1.10411  0.00263688
          67     1.13383     1.10455  0.00263484
          68     1.10914     1.10462  0.00259668
          69     1.09907     1.10454  0.00256003
          70     1.09493      1.1044  0.00252692
          71     1.12999     1.10476  0.00251701
          72     1.08385     1.10447  0.00249874
          73     1.06996       1.104  0.00250921
          74     1.13284     1.10439  0.00250557
          75     1.12358     1.10464  0.00248514
          76     1.11525     1.10478  0.00245619
          77     1.05419     1.10413  0.00251155
          78      1.1084     1.10418  0.00247974
          79      1.1071     1.10422  0.00244843
          80      1.1116     1.10431  0.00241939
          81     1.08376     1.10406  0.00240277
          82      1.1178     1.10422   0.0023792
          83     1.07655     1.10389  0.00237389
          84     1.11981     1.10408   0.0023531
          85     1.12175     1.10429  0.00233453
          86     1.08789      1.1041  0.00231509
          87     1.13338     1.10443  0.00231296
          88     1.12247     1.10464  0.00229569
          89     1.10344     1.10462  0.00226979
          90     1.10893     1.10467  0.00224494
          91      1.1011     1.10463  0.00222048
          92     1.10827     1.10467  0.00219657
          93     1.09879     1.10461  0.00217374
          94     1.09955     1.10456  0.00215116
          95      1.0945     1.10445  0.00213103
          96     1.10784     1.10449  0.00210901
          97     1.07959     1.10423  0.00210287
          98     1.08345     1.10402  0.00209207
          99     1.11396     1.10412  0.00207326
         100     1.07296     1.10381  0.00207594
