   0.0128248           0           0
   0.0384745           0           0
   0.0641241           0           0
   0.0897737           0           0
    0.115423           0           0
    0.141073           0           0
    0.166723           0           0
    0.192372           0           0
    0.218022           0           0
    0.243672           0           0
    0.269321           0           0
    0.294971           0           0
     0.32062           0           0
     0.34627           0           0
     0.37192           0           0
    0.397569           0           0
    0.423219           0           0
    0.448869           0           0
    0.474518           0           0
    0.500168           0           0
    0.525818           0           0
    0.551467           0           0
    0.577117           0           0
    0.602767           0           0
    0.628416           0           0
    0.654066           0           0
    0.679715           0           0
    0.705365           0           0
    0.731015           0           0
    0.756664           0           0
    0.782314           0           0
    0.807964           0           0
    0.833613           0           0
    0.859263  6.8083e-06  6.8083e-06
    0.884913  0.00173415 0.000223418
    0.910562   0.0267016   0.0010122
    0.936212    0.177156   0.0022625
    0.961861     0.58842  0.00412443
    0.987511      1.2341  0.00723849
     1.01316     1.89351  0.00882601
     1.03881     2.36062  0.00995834
     1.06446     2.57271   0.0102312
     1.09011     2.54712  0.00877809
     1.11576     2.39455  0.00804424
     1.14141     2.17358  0.00887029
     1.16706     1.94788  0.00864404
     1.19271     1.73054  0.00812124
     1.21836     1.54393  0.00731262
     1.24401     1.37454  0.00731241
     1.26966     1.23128  0.00653676
     1.29531      1.1118   0.0061328
     1.32096     1.01344  0.00539115
     1.34661    0.934318   0.0052879
     1.37226    0.859293  0.00477951
     1.39791    0.811103  0.00459422
     1.42355    0.774015  0.00470581
      1.4492    0.737763  0.00482447
     1.47485    0.711112   0.0044217
      1.5005    0.694289  0.00442836
     1.52615    0.683547  0.00411916
      1.5518     0.67826  0.00408113
     1.57745    0.670892  0.00417109
      1.6031    0.675823  0.00400516
     1.62875    0.690169  0.00365424
      1.6544    0.705394  0.00385981
     1.68005    0.725549  0.00405987
      1.7057    0.755836  0.00376224
     1.73135    0.790562  0.00438033
       1.757    0.830272  0.00370121
     1.78265    0.865923  0.00372251
      1.8083    0.902868  0.00407584
     1.83395    0.944063  0.00424314
      1.8596    0.983024  0.00426442
     1.88525     1.02668  0.00431226
      1.9109     1.05789  0.00413953
     1.93655     1.09403  0.00405758
      1.9622     1.13038  0.00407879
     1.98785     1.16718  0.00363861
      2.0135     1.18762  0.00405745
     2.03915     1.20778  0.00412238
      2.0648     1.21517  0.00375192
     2.09045     1.21163  0.00362421
      2.1161     1.20511  0.00400391
     2.14174     1.18766  0.00399748
     2.16739     1.16507   0.0039728
     2.19304     1.13608  0.00380092
     2.21869     1.11095  0.00386791
     2.24434     1.08843  0.00345314
     2.26999     1.05715  0.00381977
     2.29564     1.03302  0.00382879
     2.32129     1.00659  0.00386031
     2.34694    0.980708  0.00323138
     2.37259    0.956356  0.00320214
     2.39824    0.944067  0.00307974
     2.42389    0.925778  0.00282245
     2.44954    0.916175  0.00277591
     2.47519    0.905557  0.00302122
     2.50084    0.900113  0.00289054
     2.52649    0.890534  0.00317099
     2.55214    0.890971   0.0033554
