           1    -3.35089    -3.35089           0
           2    -3.35164    -3.35126 0.000376346
           3    -3.35093    -3.35115 0.000243305
           4    -3.35006    -3.35088 0.000322933
           5    -3.34926    -3.35056 0.000408592
           6      -3.353    -3.35096 0.000526324
           7     -3.3516    -3.35105 0.000454042
           8    -3.35082    -3.35102 0.000394334
           9    -3.34783    -3.35067 0.000496816
          10    -3.35125    -3.35073 0.000448125
          11    -3.34877    -3.35055  0.00044274
          12    -3.35303    -3.35076 0.000454157
          13    -3.35105    -3.35078 0.000418362
          14    -3.35211    -3.35087  0.00039891
          15    -3.35181    -3.35094 0.000376549
          16     -3.3533    -3.35108 0.000382021
          17    -3.35122    -3.35109 0.000358937
          18    -3.35177    -3.35113 0.000340504
          19    -3.35115    -3.35113 0.000322087
          20    -3.34743    -3.35095 0.000357122
          21    -3.35075    -3.35094 0.000339816
          22    -3.35245    -3.35101 0.000331209
          23    -3.35306     -3.3511  0.00032887
          24    -3.35121     -3.3511 0.000314907
          25    -3.35053    -3.35108 0.000302917
          26    -3.35254    -3.35113 0.000296436
          27    -3.35295     -3.3512 0.000293103
          28    -3.35455    -3.35132  0.00030667
          29     -3.3515    -3.35133 0.000295969
          30    -3.34973    -3.35127 0.000290814
          31     -3.3508    -3.35126 0.000281695
          32    -3.35288    -3.35131  0.00027744
          33    -3.34804    -3.35121 0.000286591
          34    -3.35125    -3.35121 0.000278037
          35    -3.34981    -3.35117 0.000272913
          36    -3.35155    -3.35118 0.000265431
          37    -3.34864    -3.35111 0.000267128
          38    -3.35193    -3.35113 0.000260898
          39    -3.35134    -3.35114 0.000254176
          40    -3.35077    -3.35113 0.000247911
          41    -3.35196    -3.35115 0.000242637
          42    -3.34806    -3.35108 0.000247981
          43    -3.35014    -3.35106 0.000243116
          44    -3.35144    -3.35106 0.000237686
          45    -3.35089    -3.35106 0.000232377
          46    -3.34977    -3.35103 0.000228995
          47    -3.35112    -3.35103 0.000224078
          48    -3.35001    -3.35101 0.000220387
          49    -3.35292    -3.35105 0.000219334
          50    -3.35205    -3.35107 0.000215818
          51    -3.34987    -3.35105 0.000212848
          52    -3.35089    -3.35105 0.000208737
          53    -3.35063    -3.35104 0.000204913
          54    -3.35148    -3.35105 0.000201249
          55    -3.35455    -3.35111  0.00020759
          56    -3.35425    -3.35117 0.000211402
          57    -3.35264    -3.35119  0.00020927
          58    -3.35203    -3.35121 0.000206134
          59    -3.35042    -3.35119 0.000203045
          60    -3.35066    -3.35118 0.000199828
          61    -3.35034    -3.35117 0.000197007
          62    -3.34832    -3.35112 0.000199197
          63    -3.35093    -3.35112 0.000196033
          64    -3.35061    -3.35111 0.000193112
          65    -3.35209    -3.35113 0.000190706
          66    -3.34593    -3.35105 0.000203616
          67    -3.35103    -3.35105 0.000200554
          68    -3.35249    -3.35107 0.000198715
          69    -3.35146    -3.35108 0.000195896
          70     -3.3494    -3.35105 0.000194559
          71    -3.35188    -3.35106 0.000192153
          72    -3.35012    -3.35105 0.000189913
          73    -3.35027    -3.35104 0.000187598
          74    -3.35035    -3.35103 0.000185281
          75     -3.3518    -3.35104 0.000183084
          76    -3.35328    -3.35107 0.000183041
          77    -3.35054    -3.35106 0.000180781
          78    -3.35047    -3.35106 0.000178611
          79    -3.35008    -3.35104 0.000176764
          80     -3.3502    -3.35103 0.000174856
          81    -3.35009    -3.35102 0.000173073
          82    -3.34988    -3.35101 0.000171519
          83    -3.35109    -3.35101 0.000169443
          84    -3.35012      -3.351 0.000167748
          85    -3.35025    -3.35099 0.000165998
          86    -3.35248    -3.35101 0.000164971
          87    -3.34985    -3.35099 0.000163601
          88    -3.35137      -3.351 0.000161787
          89    -3.34956    -3.35098 0.000160772
          90    -3.35043    -3.35097 0.000159093
          91      -3.351    -3.35098 0.000157335
          92    -3.34953    -3.35096 0.000156405
          93     -3.3499    -3.35095 0.000155137
          94    -3.34697    -3.35091 0.000159195
          95    -3.35184    -3.35092 0.000157818
          96    -3.35067    -3.35091 0.000156185
          97    -3.35228    -3.35093 0.000155204
          98    -3.34899    -3.35091 0.000154879
          99    -3.35133    -3.35091 0.000153367
         100     -3.3493     -3.3509 0.000152679
