           1     1.20949     1.20949           0
           2     1.18826     1.19887   0.0106156
           3     1.21024     1.20266  0.00720642
           4     1.20629     1.20357  0.00517591
           5     1.19713     1.20228  0.00421134
           6     1.20486     1.20271  0.00346528
           7     1.19923     1.20222  0.00297054
           8     1.19716     1.20158  0.00264903
           9     1.18775     1.20005  0.00279631
          10     1.21551     1.20159  0.00294077
          11      1.1954     1.20103  0.00271893
          12     1.20328     1.20122  0.00248911
          13     1.19945     1.20108  0.00229368
          14     1.20807     1.20158  0.00218136
          15     1.19193     1.20094  0.00213013
          16     1.20091     1.20094  0.00199256
          17     1.19357      1.2005  0.00192118
          18     1.20449     1.20072  0.00182482
          19      1.2027     1.20083  0.00172923
          20     1.19662     1.20062  0.00165395
          21     1.19859     1.20052  0.00157619
          22     1.19701     1.20036   0.0015113
          23     1.20614     1.20061  0.00146578
          24     1.19728     1.20047  0.00141021
          25     1.19741     1.20035  0.00135818
          26     1.19924     1.20031   0.0013056
          27     1.19158     1.19999  0.00129729
          28     1.19971     1.19998  0.00125014
          29     1.19989     1.19997  0.00120626
          30     1.19643     1.19985  0.00117132
          31      1.1842     1.19935  0.00124032
          32     1.21315     1.19978  0.00127602
          33      1.1949     1.19963  0.00124555
          34     1.18648     1.19925  0.00126874
          35     1.20213     1.19933  0.00123472
          36     1.20668     1.19953  0.00121718
          37     1.18839     1.19923  0.00122156
          38      1.1969     1.19917  0.00119057
          39     1.19929     1.19917  0.00115964
          40      1.2065     1.19936  0.00114501
          41     1.21079     1.19964  0.00115103
          42     1.18661     1.19932  0.00116532
          43     1.20801     1.19953  0.00115568
          44     1.20645     1.19968  0.00114003
          45     1.19622     1.19961  0.00111707
          46     1.21457     1.19993  0.00113994
          47     1.18926     1.19971  0.00113828
          48     1.20044     1.19972  0.00111442
          49     1.20463     1.19982  0.00109602
          50     1.20152     1.19985  0.00107441
          51     1.20646     1.19998  0.00106108
          52     1.21267     1.20023   0.0010687
          53     1.19047     1.20004  0.00106438
          54     1.19403     1.19993  0.00105041
          55     1.21244     1.20016  0.00105592
          56     1.19711     1.20011  0.00103833
          57     1.20361     1.20017   0.0010218
          58     1.19902     1.20015  0.00100423
          59     1.20466     1.20022 0.000990015
          60     1.20532     1.20031 0.000977076
          61     1.19763     1.20027  0.00096193
          62     1.21013     1.20042 0.000959575
          63     1.18583     1.20019 0.000972237
          64     1.20686      1.2003 0.000962576
          65     1.19699     1.20025 0.000949014
          66     1.19996     1.20024 0.000934535
          67     1.21206     1.20042 0.000937229
          68     1.19924      1.2004 0.000923507
          69     1.19945     1.20039 0.000910129
          70       1.206     1.20047 0.000900612
          71     1.20553     1.20054 0.000890698
          72     1.18652     1.20034 0.000899566
          73     1.20481      1.2004  0.00088926
          74     1.21074     1.20054 0.000888212
          75     1.20262     1.20057 0.000876726
          76     1.19817     1.20054 0.000865691
          77      1.2024     1.20056 0.000854715
          78     1.19605     1.20051 0.000845665
          79     1.19811     1.20048 0.000835444
          80      1.1992     1.20046 0.000825091
          81     1.20056     1.20046 0.000814842
          82     1.19504      1.2004 0.000807552
          83      1.2026     1.20042 0.000798207
          84     1.20375     1.20046 0.000789642
          85      1.1877     1.20031 0.000794609
          86     1.21518     1.20048 0.000804132
          87     1.17671     1.20021 0.000840485
          88     1.21758     1.20041 0.000853996
          89     1.20212     1.20043 0.000844564
          90     1.20513     1.20048 0.000836763
          91     1.18785     1.20034 0.000839079
          92     1.20699     1.20041 0.000833051
          93     1.20423     1.20045 0.000825067
          94     1.19425     1.20039 0.000818907
          95      1.2001     1.20039 0.000810247
          96     1.21369     1.20052 0.000813644
          97      1.1952     1.20047 0.000807079
          98     1.20399     1.20051 0.000799606
          99     1.18194     1.20032 0.000813393
         100     1.20495     1.20036 0.000806549
