           1    -6.66842    -6.66842           0
           2    -6.64573    -6.65708    0.011347
           3     -6.6685    -6.66088  0.00757654
           4    -6.66461    -6.66182  0.00543792
           5    -6.65398    -6.66025  0.00449437
           6    -6.66291    -6.66069  0.00369643
           7    -6.65763    -6.66025  0.00315456
           8    -6.65537    -6.65964  0.00279927
           9    -6.64551    -6.65807  0.00292615
          10    -6.67288    -6.65955  0.00300715
          11    -6.65333    -6.65899  0.00277831
          12    -6.66178    -6.65922  0.00254686
          13    -6.65582    -6.65896  0.00235737
          14     -6.6669    -6.65953  0.00225493
          15    -6.65026    -6.65891  0.00218817
          16    -6.65899    -6.65891  0.00204686
          17    -6.65267    -6.65855  0.00195749
          18    -6.66397    -6.65885     0.00187
          19     -6.6614    -6.65898  0.00177394
          20    -6.65463    -6.65876   0.0016969
          21    -6.65803    -6.65873  0.00161445
          22    -6.65549    -6.65858  0.00154633
          23    -6.66355     -6.6588  0.00149328
          24    -6.65568    -6.65867   0.0014356
          25    -6.65634    -6.65858  0.00138011
          26    -6.65806    -6.65856  0.00132612
          27    -6.65018    -6.65825   0.0013132
          28    -6.65775    -6.65823  0.00126555
          29     -6.6591    -6.65826   0.0012215
          30    -6.65401    -6.65812  0.00118853
          31    -6.64185    -6.65759  0.00126358
          32    -6.67219    -6.65805   0.0013057
          33    -6.65281    -6.65789  0.00127544
          34    -6.64319    -6.65746  0.00131076
          35    -6.66027    -6.65754   0.0012753
          36     -6.6636    -6.65771  0.00125078
          37    -6.64516    -6.65737   0.0012629
          38    -6.65486     -6.6573  0.00123098
          39    -6.65848    -6.65733  0.00119938
          40    -6.66496    -6.65752  0.00118448
          41    -6.67014    -6.65783  0.00119555
          42     -6.6458    -6.65754  0.00120137
          43    -6.66533    -6.65772  0.00118698
          44    -6.66441    -6.65788   0.0011696
          45     -6.6539    -6.65779  0.00114672
          46    -6.67304    -6.65812  0.00116953
          47    -6.64735    -6.65789  0.00116707
          48    -6.65852     -6.6579  0.00114258
          49    -6.66334    -6.65801  0.00112449
          50    -6.66019    -6.65806  0.00110264
          51    -6.66443    -6.65818    0.001088
          52    -6.67204    -6.65845  0.00109964
          53    -6.64816    -6.65826  0.00109603
          54      -6.652    -6.65814  0.00108175
          55    -6.67128    -6.65838  0.00108846
          56     -6.6539     -6.6583  0.00107183
          57    -6.66151    -6.65835  0.00105437
          58    -6.65667    -6.65833  0.00103643
          59    -6.66164    -6.65838  0.00102026
          60     -6.6637    -6.65847  0.00100703
          61    -6.65548    -6.65842 0.000991594
          62    -6.66913    -6.65859 0.000990655
          63    -6.64435    -6.65837  0.00100068
          64    -6.66475    -6.65847 0.000989967
          65    -6.65503    -6.65842 0.000976048
          66    -6.65805    -6.65841 0.000961162
          67    -6.67081    -6.65859 0.000964632
          68    -6.65685    -6.65857 0.000950688
          69    -6.65731    -6.65855 0.000936986
          70    -6.66559    -6.65865 0.000928967
          71    -6.66389    -6.65873 0.000918755
          72    -6.64459    -6.65853 0.000926934
          73    -6.66262    -6.65859 0.000915861
          74    -6.66989    -6.65874 0.000916217
          75    -6.66095    -6.65877 0.000904399
          76    -6.65669    -6.65874  0.00089284
          77    -6.66089    -6.65877 0.000881613
          78    -6.65437    -6.65871 0.000872062
          79    -6.65584    -6.65867 0.000861722
          80    -6.65701    -6.65865 0.000851136
          81    -6.65909    -6.65866 0.000840579
          82    -6.65241    -6.65858 0.000833758
          83     -6.6608    -6.65861 0.000824083
          84    -6.66214    -6.65865   0.0008153
          85     -6.6466    -6.65851 0.000818035
          86    -6.67345    -6.65868  0.00082693
          87     -6.6354    -6.65842 0.000860085
          88    -6.67739    -6.65863 0.000877161
          89    -6.66051    -6.65865 0.000867506
          90    -6.66388    -6.65871 0.000859778
          91    -6.64528    -6.65856 0.000862999
          92     -6.6666    -6.65865 0.000858021
          93    -6.66332     -6.6587 0.000850229
          94    -6.65234    -6.65863 0.000843853
          95    -6.65933    -6.65864 0.000834955
          96     -6.6725    -6.65879 0.000838731
          97    -6.65333    -6.65873 0.000831938
          98    -6.66229    -6.65877 0.000824208
          99    -6.63857    -6.65856 0.000840963
         100    -6.66323    -6.65861 0.000833819
