   0.0115332           0           0
   0.0345996           0           0
   0.0576661           0           0
   0.0807325           0           0
    0.103799           0           0
    0.126865           0           0
    0.149932           0           0
    0.172998           0           0
    0.196065           0           0
    0.219131           0           0
    0.242198           0           0
    0.265264           0           0
     0.28833           0           0
    0.311397           0           0
    0.334463           0           0
     0.35753           0           0
    0.380596           0           0
    0.403663           0           0
    0.426729           0           0
    0.449795           0           0
    0.472862           0           0
    0.495928           0           0
    0.518995           0           0
    0.542061           0           0
    0.565128           0           0
    0.588194           0           0
     0.61126           0           0
    0.634327           0           0
    0.657393           0           0
     0.68046           0           0
    0.703526           0           0
    0.726593           0           0
    0.749659           0           0
    0.772725           0           0
    0.795792           0           0
    0.818858           0           0
    0.841925           0           0
    0.864991           0           0
    0.888058 0.000128871  5.2002e-05
    0.911124  0.00390373 0.000279971
     0.93419   0.0500249   0.0010167
    0.957257    0.303113  0.00213796
    0.980323     1.04719  0.00423942
     1.00339     2.28177  0.00672057
     1.02646     3.65149   0.0076138
     1.04952     4.60234   0.0102864
     1.07259     4.84119  0.00924914
     1.09566     4.42035  0.00910486
     1.11872      3.6053  0.00947665
     1.14179     2.67481  0.00825303
     1.16485      1.8225   0.0060318
     1.18792     1.14289  0.00450727
     1.21099    0.677023   0.0040583
     1.23405    0.376899  0.00314719
     1.25712    0.193807  0.00228017
     1.28019   0.0985393  0.00162567
     1.30325   0.0540373  0.00136615
     1.32632   0.0472635  0.00134323
     1.34939   0.0672355  0.00157569
     1.37245    0.112552  0.00184961
     1.39552     0.19282  0.00242341
     1.41859    0.311182  0.00251326
     1.44165    0.457611  0.00276162
     1.46472    0.630146  0.00277696
     1.48778    0.788471  0.00366296
     1.51085    0.904921  0.00441723
     1.53392    0.947842  0.00470968
     1.55698    0.909248  0.00395076
     1.58005    0.798889   0.0038033
     1.60312    0.638098  0.00268701
     1.62618     0.46839  0.00270042
     1.64925     0.32715  0.00252059
     1.67232    0.231341  0.00225432
     1.69538    0.204565  0.00231129
     1.71845    0.272816  0.00273937
     1.74152    0.455572  0.00341619
     1.76458    0.772995   0.0037682
     1.78765     1.21855  0.00364581
     1.81071     1.73113  0.00403733
     1.83378     2.21681  0.00432113
     1.85685     2.55626  0.00562448
     1.87991     2.66957   0.0069995
     1.90298      2.5196  0.00676506
     1.92605     2.15627  0.00527505
     1.94911     1.68879  0.00320165
     1.97218     1.21582  0.00339487
     1.99525    0.820759  0.00376835
     2.01831    0.565451  0.00317429
     2.04138    0.455931  0.00295717
     2.06445    0.481155  0.00245221
     2.08751    0.602793   0.0022974
     2.11058    0.764586  0.00226984
     2.13364    0.910132  0.00230703
     2.15671    0.991796  0.00262147
     2.17978    0.984206  0.00265642
     2.20284    0.912171  0.00249842
     2.22591    0.788772   0.0023325
     2.24898     0.66636  0.00230242
     2.27204    0.594631  0.00315105
     2.29511    0.598486  0.00388595
