           1    -5.45894    -5.45894           0
           2    -5.45747     -5.4582 0.000731405
           3    -5.45825    -5.45822 0.000422558
           4    -5.45832    -5.45824 0.000299804
           5    -5.45685    -5.45797 0.000362578
           6    -5.45805    -5.45798 0.000296406
           7     -5.4584    -5.45804 0.000257407
           8    -5.45821    -5.45806 0.000223965
           9    -5.45775    -5.45803 0.000200464
          10    -5.45737    -5.45796 0.000191032
          11    -5.45793    -5.45796 0.000172821
          12     -5.4585      -5.458 0.000163983
          13    -5.45636    -5.45788  0.00019656
          14    -5.45883    -5.45795 0.000194275
          15    -5.45833    -5.45797 0.000182658
          16    -5.45807    -5.45798 0.000170982
          17     -5.4591    -5.45804 0.000173552
          18    -5.45948    -5.45812 0.000182026
          19     -5.4587    -5.45815 0.000174842
          20    -5.45801    -5.45815 0.000166016
          21    -5.45945    -5.45821 0.000169598
          22    -5.45848    -5.45822 0.000162194
          23    -5.45741    -5.45819 0.000158909
          24     -5.4584    -5.45819 0.000152399
          25    -5.45894    -5.45822  0.00014917
          26    -5.45882    -5.45825 0.000145155
          27    -5.45861    -5.45826 0.000140312
          28    -5.45804    -5.45825 0.000135435
          29     -5.4592    -5.45829 0.000134743
          30    -5.45758    -5.45826 0.000132261
          31    -5.45765    -5.45824 0.000129428
          32    -5.45904    -5.45827 0.000127752
          33     -5.4579    -5.45826  0.00012431
          34     -5.4567    -5.45821 0.000128967
          35    -5.45814    -5.45821 0.000125245
          36    -5.45693    -5.45817 0.000126827
          37    -5.45677    -5.45813 0.000129046
          38    -5.45797    -5.45813 0.000125681
          39    -5.45919    -5.45816 0.000125399
          40    -5.45847    -5.45817 0.000122471
          41    -5.45935    -5.45819 0.000122906
          42    -5.45919    -5.45822 0.000122275
          43    -5.45732     -5.4582 0.000121225
          44    -5.45796    -5.45819 0.000118562
          45    -5.45769    -5.45818 0.000116433
          46    -5.45847    -5.45819 0.000114048
          47    -5.45809    -5.45818 0.000111615
          48    -5.45808    -5.45818 0.000109285
          49    -5.45871    -5.45819  0.00010757
          50    -5.45868     -5.4582 0.000105837
          51    -5.45797     -5.4582 0.000103842
          52    -5.45936    -5.45822 0.000104263
          53    -5.45769    -5.45821 0.000102774
          54    -5.45798    -5.45821 0.000100946
          55    -5.45884    -5.45822 9.97619e-05
          56     -5.4568    -5.45819 0.000101198
          57     -5.4579    -5.45819 9.95407e-05
          58    -5.45765    -5.45818 9.82418e-05
          59    -5.45698    -5.45816 9.86619e-05
          60    -5.45838    -5.45816 9.70734e-05
          61    -5.45785    -5.45816 9.56052e-05
          62      -5.459    -5.45817 9.50377e-05
          63    -5.45852    -5.45818 9.36846e-05
          64     -5.4579    -5.45817  9.2312e-05
          65    -5.45804    -5.45817 9.09021e-05
          66    -5.45809    -5.45817 8.95223e-05
          67    -5.45875    -5.45818 8.86046e-05
          68    -5.45761    -5.45817 8.76875e-05
          69    -5.45786    -5.45816 8.65201e-05
          70    -5.45959    -5.45818 8.76818e-05
          71    -5.45836    -5.45819 8.64716e-05
          72    -5.45807    -5.45819 8.52774e-05
          73    -5.45781    -5.45818 8.42573e-05
          74    -5.45915    -5.45819 8.41275e-05
          75    -5.45833     -5.4582 8.30186e-05
          76    -5.45852     -5.4582 8.20283e-05
          77     -5.4585     -5.4582 8.10474e-05
          78    -5.45832     -5.4582 8.00144e-05
          79    -5.45773     -5.4582 7.92251e-05
          80    -5.45782    -5.45819 7.83742e-05
          81    -5.45853     -5.4582 7.75114e-05
          82    -5.45737    -5.45819 7.72306e-05
          83    -5.45819    -5.45819 7.62945e-05
          84    -5.45839    -5.45819 7.54202e-05
          85     -5.4589     -5.4582 7.49919e-05
          86    -5.45827     -5.4582 7.41194e-05
          87    -5.45868    -5.45821  7.3472e-05
          88    -5.45981    -5.45822 7.48855e-05
          89    -5.45839    -5.45823 7.40639e-05
          90    -5.45875    -5.45823  7.3466e-05
          91    -5.45743    -5.45822 7.31876e-05
          92     -5.4596    -5.45824 7.39279e-05
          93    -5.45909    -5.45825 7.37009e-05
          94    -5.45809    -5.45824 7.29314e-05
          95    -5.45923    -5.45826 7.29048e-05
          96    -5.45882    -5.45826  7.2377e-05
          97    -5.45813    -5.45826 7.16392e-05
          98    -5.45831    -5.45826  7.0906e-05
          99    -5.45662    -5.45824 7.21053e-05
         100    -5.45828    -5.45824 7.13815e-05
