           1    0.806326    0.806326           0
           2    0.792172    0.799249  0.00707705
           3     0.80683    0.801776  0.00480428
           4    0.804196    0.802381   0.0034506
           5    0.798084    0.801522  0.00280756
           6     0.80324    0.801808  0.00231019
           7    0.799489    0.801477  0.00198036
           8    0.798107    0.801055  0.00176602
           9    0.791835    0.800031  0.00186421
          10    0.810343    0.801062  0.00196051
          11    0.796934    0.800687  0.00181262
          12    0.802188    0.800812  0.00165941
          13    0.799634    0.800721  0.00152912
          14    0.805378    0.801054  0.00145424
          15    0.794623    0.800625  0.00142009
          16    0.800609    0.800624  0.00132837
          17    0.795714    0.800335  0.00128078
          18    0.802996    0.800483  0.00121654
          19      0.8018    0.800552  0.00115282
          20    0.797745    0.800412  0.00110263
          21    0.799057    0.800348   0.0010508
          22    0.798006    0.800241  0.00100753
          23    0.804092    0.800409 0.000977184
          24    0.798189    0.800316 0.000940143
          25    0.798271    0.800234 0.000905454
          26    0.799491    0.800206 0.000870403
          27    0.794384     0.79999 0.000864859
          28    0.799806    0.799983 0.000833425
          29     0.79993    0.799982 0.000804175
          30    0.797621    0.799903 0.000780882
          31    0.789469    0.799566 0.000826877
          32    0.808767    0.799854 0.000850678
          33    0.796602    0.799755 0.000830364
          34    0.790989    0.799498 0.000845829
          35    0.801423    0.799553 0.000823148
          36    0.804453    0.799689 0.000811455
          37    0.792258    0.799488 0.000814373
          38     0.79793    0.799447 0.000793712
          39    0.799523    0.799449 0.000773095
          40     0.80433    0.799571 0.000763337
          41    0.807194    0.799757 0.000767353
          42    0.791073     0.79955  0.00077688
          43     0.80534    0.799685 0.000770454
          44    0.804302     0.79979 0.000760019
          45    0.797477    0.799738 0.000744713
          46    0.809716    0.799955 0.000759957
          47    0.792843    0.799804 0.000758852
          48     0.80029    0.799814 0.000742944
          49    0.803084    0.799881 0.000730678
          50    0.801012    0.799903 0.000716273
          51    0.804309     0.79999 0.000707383
          52    0.808449    0.800152 0.000712469
          53    0.793649     0.80003 0.000709585
          54    0.796019    0.799955  0.00070027
          55    0.808296    0.800107 0.000703947
          56    0.798071    0.800071 0.000692218
          57    0.802409    0.800112 0.000681202
          58    0.799347    0.800099 0.000669484
          59    0.803106     0.80015  0.00066001
          60    0.803548    0.800206 0.000651384
          61    0.798418    0.800177 0.000641287
          62    0.806754    0.800283 0.000639716
          63    0.790551    0.800128 0.000648158
          64    0.804572    0.800198 0.000641717
          65    0.797994    0.800164 0.000632676
          66    0.799974    0.800161 0.000623023
          67     0.80804    0.800279 0.000624819
          68    0.799491    0.800267 0.000615671
          69    0.799631    0.800258 0.000606753
          70    0.804001    0.800311 0.000600408
          71    0.803688    0.800359 0.000593799
          72    0.791013    0.800229 0.000599711
          73    0.803203     0.80027  0.00059284
          74    0.807161    0.800363 0.000592142
          75    0.801746    0.800381 0.000584484
          76    0.798779     0.80036 0.000577127
          77    0.801599    0.800376  0.00056981
          78    0.797369    0.800338 0.000563777
          79    0.798738    0.800318 0.000556963
          80    0.799464    0.800307  0.00055006
          81    0.800372    0.800308 0.000543228
          82    0.796695    0.800264 0.000538368
          83    0.801736    0.800281 0.000532138
          84    0.802501    0.800308 0.000526428
          85      0.7918    0.800208 0.000529739
          86    0.810123    0.800323 0.000536088
          87    0.784476    0.800141 0.000560323
          88    0.811719    0.800272 0.000569331
          89    0.801411    0.800285 0.000563043
          90    0.803423     0.80032 0.000557842
          91    0.791899    0.800228 0.000559386
          92    0.804662    0.800276 0.000555368
          93    0.802821    0.800303 0.000550045
          94    0.796166    0.800259 0.000545938
          95    0.800063    0.800257 0.000540165
          96    0.809124    0.800349 0.000542429
          97    0.796802    0.800313 0.000538053
          98    0.802657    0.800337 0.000533071
          99    0.787962    0.800212 0.000542262
         100      0.8033    0.800243   0.0005377
